Traceback (most recent call last):
  File "/Users/tavenard_r/py38_data/lib/python3.8/site-packages/jupyter_cache/executors/utils.py", line 51, in single_nb_execution
    executenb(
  File "/Users/tavenard_r/py38_data/lib/python3.8/site-packages/nbclient/client.py", line 1087, in execute
    return NotebookClient(nb=nb, resources=resources, km=km, **kwargs).execute()
  File "/Users/tavenard_r/py38_data/lib/python3.8/site-packages/nbclient/util.py", line 74, in wrapped
    return just_run(coro(*args, **kwargs))
  File "/Users/tavenard_r/py38_data/lib/python3.8/site-packages/nbclient/util.py", line 53, in just_run
    return loop.run_until_complete(coro)
  File "/Library/Developer/CommandLineTools/Library/Frameworks/Python3.framework/Versions/3.8/lib/python3.8/asyncio/base_events.py", line 616, in run_until_complete
    return future.result()
  File "/Users/tavenard_r/py38_data/lib/python3.8/site-packages/nbclient/client.py", line 540, in async_execute
    await self.async_execute_cell(
  File "/Users/tavenard_r/py38_data/lib/python3.8/site-packages/nbclient/client.py", line 832, in async_execute_cell
    self._check_raise_for_error(cell, exec_reply)
  File "/Users/tavenard_r/py38_data/lib/python3.8/site-packages/nbclient/client.py", line 740, in _check_raise_for_error
    raise CellExecutionError.from_cell_and_msg(cell, exec_reply['content'])
nbclient.exceptions.CellExecutionError: An error occurred while executing the following cell:
------------------
plt.figure()

n = 30
positions = np.arange(n) / n
mat = (positions.reshape((-1, 1)) - positions.reshape((1, -1))) ** 2

plt.grid("off")
plt.imshow(mat);
------------------

[0;31m---------------------------------------------------------------------------[0m
[0;31mNameError[0m                                 Traceback (most recent call last)
[0;32m<ipython-input-4-5149ddb6c5e8>[0m in [0;36m<module>[0;34m[0m
[1;32m      2[0m [0;34m[0m[0m
[1;32m      3[0m [0mn[0m [0;34m=[0m [0;36m30[0m[0;34m[0m[0;34m[0m[0m
[0;32m----> 4[0;31m [0mpositions[0m [0;34m=[0m [0mnp[0m[0;34m.[0m[0marange[0m[0;34m([0m[0mn[0m[0;34m)[0m [0;34m/[0m [0mn[0m[0;34m[0m[0;34m[0m[0m
[0m[1;32m      5[0m [0mmat[0m [0;34m=[0m [0;34m([0m[0mpositions[0m[0;34m.[0m[0mreshape[0m[0;34m([0m[0;34m([0m[0;34m-[0m[0;36m1[0m[0;34m,[0m [0;36m1[0m[0;34m)[0m[0;34m)[0m [0;34m-[0m [0mpositions[0m[0;34m.[0m[0mreshape[0m[0;34m([0m[0;34m([0m[0;36m1[0m[0;34m,[0m [0;34m-[0m[0;36m1[0m[0;34m)[0m[0;34m)[0m[0;34m)[0m [0;34m**[0m [0;36m2[0m[0;34m[0m[0;34m[0m[0m
[1;32m      6[0m [0;34m[0m[0m

[0;31mNameError[0m: name 'np' is not defined
NameError: name 'np' is not defined

